<?xml version="1.0" encoding="UTF-8"?>
<testsuite name="ohtu.verkkokauppa.VerkkokauppaTest" tests="7" skipped="0" failures="0" errors="0" timestamp="2018-11-25T18:28:48" hostname="hjoo-MS-7972" time="0.483">
  <properties/>
  <testcase name="kaksiEriTuotettaOstoksenPaaytyttyaPankinMetodiaTilisiirtoKutsutaan" classname="ohtu.verkkokauppa.VerkkokauppaTest" time="0.475"/>
  <testcase name="ostoksenPaaytyttyaPankinMetodiaTilisiirtoKutsutaan" classname="ohtu.verkkokauppa.VerkkokauppaTest" time="0.001"/>
  <testcase name="aloitaAsiointiNollaaOstoskorinHinnan" classname="ohtu.verkkokauppa.VerkkokauppaTest" time="0.002"/>
  <testcase name="kaksiSamaaTuotettaOstoksenPaaytyttyaPankinMetodiaTilisiirtoKutsutaan" classname="ohtu.verkkokauppa.VerkkokauppaTest" time="0.002"/>
  <testcase name="kauppaPyytaaUudenViitenumeronJokaiselleMaksulle" classname="ohtu.verkkokauppa.VerkkokauppaTest" time="0.001"/>
  <testcase name="poistaKoristaPalauttaaVarastoon" classname="ohtu.verkkokauppa.VerkkokauppaTest" time="0.0"/>
  <testcase name="kaksiTuotettaToinenLoppuOstoksenPaaytyttyaPankinMetodiaTilisiirtoKutsutaan" classname="ohtu.verkkokauppa.VerkkokauppaTest" time="0.0"/>
  <system-out><![CDATA[]]></system-out>
  <system-err><![CDATA[]]></system-err>
</testsuite>
